<?xml version="1.0" encoding="UTF-8"?>
<!-- Generated by org.testng.reporters.JUnitXMLReporter -->
<testsuite hostname="AYK-Think" ignored="0" name="Command line test" tests="1" failures="1" timestamp="22 Aug 2020 18:45:31 GMT" time="0.038" errors="0">
  <testcase name="OpenANewAccount" time="0.0" classname="test.NewAccountTest">
    <failure type="org.testng.TestNGException" message="
Parameter &amp;apos;username&amp;apos; is required by @Test on method OpenANewAccount but has not been marked @Optional or defined
">
      <![CDATA[org.testng.TestNGException: 
Parameter 'username' is required by @Test on method OpenANewAccount but has not been marked @Optional or defined

... Removed 32 stack frames]]>
    </failure>
  </testcase> <!-- OpenANewAccount -->
</testsuite> <!-- Command line test -->
